<?xml version="1.0" encoding="UTF-8"?>
<!-- Generated by org.testng.reporters.JUnitReportReporter -->
<testsuite hostname="DESKTOP-DRRO17G" name="framework.testng.TestSuite.Class1" tests="1" failures="0" timestamp="15 Sep 2020 06:11:40 GMT" time="0.035" errors="0">
  <testcase name="tc002" time="0.035" classname="framework.testng.TestSuite.Class1"/>
</testsuite> <!-- framework.testng.TestSuite.Class1 -->
