<?xml version="1.0" encoding="UTF-8"?>
<!-- Generated by org.testng.reporters.JUnitReportReporter -->
<testsuite hostname="DESKTOP-DRRO17G" name="framework.testng.TestSuite.Class2" tests="2" failures="0" timestamp="15 Sep 2020 06:11:40 GMT" time="0.004" errors="0">
  <testcase name="tc006" time="0.002" classname="framework.testng.TestSuite.Class2"/>
  <testcase name="tc005" time="0.002" classname="framework.testng.TestSuite.Class2"/>
</testsuite> <!-- framework.testng.TestSuite.Class2 -->
