<?xml version="1.0" encoding="UTF-8"?>
<!-- Generated by org.testng.reporters.JUnitReportReporter -->
<testsuite hostname="DESKTOP-DRRO17G" name="framework.testng.With_Parameter.ClassA" tests="3" failures="0" timestamp="15 Sep 2020 06:49:25 GMT" time="0.030" errors="0">
  <testcase name="tc001" time="0.024" classname="framework.testng.With_Parameter.ClassA"/>
  <testcase name="tc003" time="0.003" classname="framework.testng.With_Parameter.ClassA"/>
  <testcase name="tc002" time="0.003" classname="framework.testng.With_Parameter.ClassA"/>
</testsuite> <!-- framework.testng.With_Parameter.ClassA -->
