<?xml version="1.0" encoding="UTF-8"?>
<!-- Generated by org.testng.reporters.JUnitReportReporter -->
<testsuite hostname="DESKTOP-DRRO17G" name="framework.testng.Method_Ignore" tests="1" failures="0" timestamp="15 Sep 2020 05:55:31 GMT" time="0.046" errors="0">
  <testcase name="f2" time="0.046" classname="framework.testng.Method_Ignore"/>
</testsuite> <!-- framework.testng.Method_Ignore -->
