<?xml version="1.0" encoding="UTF-8"?>
<!-- Generated by org.testng.reporters.JUnitReportReporter -->
<testsuite hostname="DESKTOP-DRRO17G" name="framework.testng.Method_Priority" tests="3" failures="0" timestamp="11 Sep 2020 07:34:33 GMT" time="0.033" errors="0">
  <testcase name="f" time="0.026" classname="framework.testng.Method_Priority"/>
  <testcase name="x" time="0.002" classname="framework.testng.Method_Priority"/>
  <testcase name="a" time="0.005" classname="framework.testng.Method_Priority"/>
</testsuite> <!-- framework.testng.Method_Priority -->
