<?xml version="1.0" encoding="UTF-8"?>
<!-- Generated by org.testng.reporters.JUnitReportReporter -->
<testsuite hostname="DESKTOP-DRRO17G" name="framework.testng.Groups.TestSuite1" tests="2" failures="0" timestamp="15 Sep 2020 06:31:13 GMT" time="0.039" errors="0">
  <testcase name="tc002" time="0.011" classname="framework.testng.Groups.TestSuite1"/>
  <testcase name="tc001" time="0.028" classname="framework.testng.Groups.TestSuite1"/>
</testsuite> <!-- framework.testng.Groups.TestSuite1 -->
