<?xml version="1.0" encoding="UTF-8"?>
<!-- Generated by org.testng.reporters.JUnitReportReporter -->
<testsuite hostname="DESKTOP-DRRO17G" name="framework.testng.Method_Priority" tests="3" failures="0" timestamp="15 Sep 2020 05:56:50 GMT" time="0.026" errors="0">
  <testcase name="f" time="0.022" classname="framework.testng.Method_Priority"/>
  <testcase name="x" time="0.001" classname="framework.testng.Method_Priority"/>
  <testcase name="a" time="0.003" classname="framework.testng.Method_Priority"/>
</testsuite> <!-- framework.testng.Method_Priority -->
