<?xml version="1.0" encoding="UTF-8"?>
<!-- Generated by org.testng.reporters.JUnitReportReporter -->
<testsuite hostname="DESKTOP-DRRO17G" name="framework.testng.DP.DP_InputData" tests="7" failures="0" timestamp="16 Sep 2020 07:22:05 GMT" time="0.079" errors="0">
  <testcase name="Test_login" time="0.028" classname="framework.testng.DP.DP_InputData"/>
  <testcase name="Test_login" time="0.026" classname="framework.testng.DP.DP_InputData"/>
  <testcase name="Test_login" time="0.002" classname="framework.testng.DP.DP_InputData"/>
  <testcase name="f" time="0.003" classname="framework.testng.DP.DP_InputData"/>
  <testcase name="Test_login" time="0.015" classname="framework.testng.DP.DP_InputData"/>
  <testcase name="Test_login" time="0.003" classname="framework.testng.DP.DP_InputData"/>
  <testcase name="f" time="0.002" classname="framework.testng.DP.DP_InputData"/>
</testsuite> <!-- framework.testng.DP.DP_InputData -->
