<?xml version="1.0" encoding="UTF-8"?>
<!-- Generated by org.testng.reporters.JUnitReportReporter -->
<testsuite hostname="DESKTOP-DRRO17G" name="framework.testng.Method_Ignore" tests="1" failures="0" timestamp="11 Sep 2020 07:37:38 GMT" time="0.023" errors="0">
  <testcase name="f2" time="0.023" classname="framework.testng.Method_Ignore"/>
</testsuite> <!-- framework.testng.Method_Ignore -->
