<?xml version="1.0" encoding="UTF-8"?>
<!-- Generated by org.testng.reporters.JUnitReportReporter -->
<testsuite hostname="DESKTOP-DRRO17G" name="framework.testng.BeforeTest_and_AfterTest.TestSuite2" tests="3" failures="0" timestamp="16 Sep 2020 07:04:15 GMT" time="0.012" errors="0">
  <testcase name="tc004" time="0.005" classname="framework.testng.BeforeTest_and_AfterTest.TestSuite2"/>
  <testcase name="tc005" time="0.002" classname="framework.testng.BeforeTest_and_AfterTest.TestSuite2"/>
  <testcase name="tc006" time="0.005" classname="framework.testng.BeforeTest_and_AfterTest.TestSuite2"/>
</testsuite> <!-- framework.testng.BeforeTest_and_AfterTest.TestSuite2 -->
