<?xml version="1.0" encoding="UTF-8"?>
<!-- Generated by org.testng.reporters.JUnitReportReporter -->
<testsuite hostname="DESKTOP-DRRO17G" name="framework.testng.WebDriver_Testcase" tests="1" failures="0" timestamp="12 Sep 2020 07:12:51 GMT" time="6.423" errors="0">
  <testcase name="Verify_Games_link" time="6.423" classname="framework.testng.WebDriver_Testcase"/>
</testsuite> <!-- framework.testng.WebDriver_Testcase -->
