<?xml version="1.0" encoding="UTF-8"?>
<!-- Generated by org.testng.reporters.JUnitReportReporter -->
<testsuite hostname="DESKTOP-DRRO17G" name="framework.testng.CrossBrowser.CrossBrowser_Test" tests="9" failures="0" timestamp="16 Sep 2020 06:42:56 GMT" time="133.233" errors="0">
  <testcase name="flight_search" time="46.971" classname="framework.testng.CrossBrowser.CrossBrowser_Test"/>
  <testcase name="flight_search" time="11.324" classname="framework.testng.CrossBrowser.CrossBrowser_Test"/>
  <testcase name="loadApp" time="3.835" classname="framework.testng.CrossBrowser.CrossBrowser_Test"/>
  <testcase name="loadApp" time="11.784" classname="framework.testng.CrossBrowser.CrossBrowser_Test"/>
  <testcase name="launchBrowser" time="4.795" classname="framework.testng.CrossBrowser.CrossBrowser_Test"/>
  <testcase name="launchBrowser" time="6.349" classname="framework.testng.CrossBrowser.CrossBrowser_Test"/>
  <testcase name="launchBrowser" time="18.500" classname="framework.testng.CrossBrowser.CrossBrowser_Test"/>
  <testcase name="flight_search" time="14.060" classname="framework.testng.CrossBrowser.CrossBrowser_Test"/>
  <testcase name="loadApp" time="15.615" classname="framework.testng.CrossBrowser.CrossBrowser_Test"/>
</testsuite> <!-- framework.testng.CrossBrowser.CrossBrowser_Test -->
