<?xml version="1.0" encoding="UTF-8"?>
<!-- Generated by org.testng.reporters.JUnitReportReporter -->
<testsuite hostname="DESKTOP-DRRO17G" name="framework.testng.MyTestng_Test" tests="2" failures="0" timestamp="11 Sep 2020 07:26:51 GMT" time="0.042" errors="0">
  <testcase name="Tc001" time="0.032" classname="framework.testng.MyTestng_Test"/>
  <testcase name="Tc002" time="0.010" classname="framework.testng.MyTestng_Test"/>
</testsuite> <!-- framework.testng.MyTestng_Test -->
