<?xml version="1.0" encoding="UTF-8"?>
<!-- Generated by org.testng.reporters.JUnitReportReporter -->
<testsuite hostname="DESKTOP-DRRO17G" name="framework.testng.BeforeTest_and_AfterTest.TestSuite1" tests="3" failures="0" timestamp="16 Sep 2020 07:04:15 GMT" time="0.019" errors="0">
  <testcase name="tc002" time="0.002" classname="framework.testng.BeforeTest_and_AfterTest.TestSuite1"/>
  <testcase name="tc001" time="0.015" classname="framework.testng.BeforeTest_and_AfterTest.TestSuite1"/>
  <testcase name="tc003" time="0.002" classname="framework.testng.BeforeTest_and_AfterTest.TestSuite1"/>
</testsuite> <!-- framework.testng.BeforeTest_and_AfterTest.TestSuite1 -->
