<?xml version="1.0" encoding="UTF-8"?>
<!-- Generated by org.testng.reporters.JUnitReportReporter -->
<testsuite hostname="DESKTOP-DRRO17G" name="framework.testng.Testng_Method_Dependencies" tests="5" failures="0" timestamp="12 Sep 2020 06:38:23 GMT" time="0.053" errors="0">
  <testcase name="Verify_Email_At_Sentemails_After_Compose_Email" time="0.002" classname="framework.testng.Testng_Method_Dependencies"/>
  <testcase name="Browser_launch" time="0.012" classname="framework.testng.Testng_Method_Dependencies"/>
  <testcase name="App_Load" time="0.003" classname="framework.testng.Testng_Method_Dependencies"/>
  <testcase name="User_login" time="0.031" classname="framework.testng.Testng_Method_Dependencies"/>
  <testcase name="ComposeEmail" time="0.005" classname="framework.testng.Testng_Method_Dependencies"/>
</testsuite> <!-- framework.testng.Testng_Method_Dependencies -->
