<?xml version="1.0" encoding="UTF-8"?>
<!-- Generated by org.testng.reporters.JUnitReportReporter -->
<testsuite hostname="DESKTOP-DRRO17G" name="framework.testng.Method_Description" tests="2" failures="0" timestamp="11 Sep 2020 07:40:57 GMT" time="0.030" errors="0">
  <testcase name="f1" time="0.025" classname="framework.testng.Method_Description"/>
  <testcase name="f2" time="0.005" classname="framework.testng.Method_Description"/>
</testsuite> <!-- framework.testng.Method_Description -->
