<?xml version="1.0" encoding="UTF-8"?>
<!-- Generated by org.testng.reporters.JUnitReportReporter -->
<testsuite hostname="DESKTOP-DRRO17G" name="framework.testng.Testng_Annotations" tests="3" failures="0" timestamp="12 Sep 2020 06:48:17 GMT" time="0.034" errors="0">
  <testcase name="Tc001" time="0.014" classname="framework.testng.Testng_Annotations"/>
  <testcase name="Tc003" time="0.006" classname="framework.testng.Testng_Annotations"/>
  <testcase name="Tc002" time="0.014" classname="framework.testng.Testng_Annotations"/>
</testsuite> <!-- framework.testng.Testng_Annotations -->
